# JRE version: OpenJDK Runtime Environment (22.0+36) (build 22+36-2370)
# Java VM: OpenJDK 64-Bit Server VM (22+36-2370, mixed mode, sharing, tiered, compressed oops, compressed class ptrs, g1 gc, windows-amd64)
GC Precious Log:
 CardTable entry size: 512
 Card Set container configuration: InlinePtr #cards 5 size 8 Array Of Cards #cards 12 size 40 Howl #buckets 4 coarsen threshold 1843 Howl Bitmap #cards 512 size 80 coarsen threshold 460 Card regions per heap region 1 cards per card region 2048
 CPUs: 8 total, 8 available
 Memory: 6091M
 Large Page Support: Disabled
 NUMA Support: Disabled
 Compressed Oops: Enabled (32-bit)
 Heap Region Size: 1M
 Heap Min Capacity: 8M
 Heap Initial Capacity: 96M
 Heap Max Capacity: 1524M
 Pre-touch: Disabled
 Parallel Workers: 8
 Concurrent Workers: 2
 Concurrent Refinement Workers: 8
 Periodic GC: Disabled
Heap:
 garbage-first heap   total reserved 1560576K, committed 61440K, used 36697K [0x00000000a0c00000, 0x0000000100000000)
  region size 1024K, 4 young (4096K), 1 survivors (1024K)
 Metaspace       used 80668K, committed 81536K, reserved 1179648K
  class space    used 10735K, committed 11136K, reserved 1048576K
GC Heap History (20 events):
Event: 664.147 GC heap before
{Heap before GC invocations=146 (full 0):
 garbage-first heap   total reserved 1560576K, committed 61440K, used 56739K [0x00000000a0c00000, 0x0000000100000000)
  region size 1024K, 23 young (23552K), 1 survivors (1024K)
 Metaspace       used 80134K, committed 80896K, reserved 1179648K
  class space    used 10650K, committed 11008K, reserved 1048576K
}
Event: 664.150 GC heap after
{Heap after GC invocations=147 (full 0):
 garbage-first heap   total reserved 1560576K, committed 61440K, used 34171K [0x00000000a0c00000, 0x0000000100000000)
  region size 1024K, 1 young (1024K), 1 survivors (1024K)
 Metaspace       used 80134K, committed 80896K, reserved 1179648K
  class space    used 10650K, committed 11008K, reserved 1048576K
}
Event: 665.311 GC heap before
{Heap before GC invocations=147 (full 0):
 garbage-first heap   total reserved 1560576K, committed 61440K, used 55675K [0x00000000a0c00000, 0x0000000100000000)
  region size 1024K, 23 young (23552K), 1 survivors (1024K)
 Metaspace       used 80134K, committed 80896K, reserved 1179648K
  class space    used 10650K, committed 11008K, reserved 1048576K
}
Event: 665.313 GC heap after
{Heap after GC invocations=148 (full 0):
 garbage-first heap   total reserved 1560576K, committed 61440K, used 34181K [0x00000000a0c00000, 0x0000000100000000)
  region size 1024K, 1 young (1024K), 1 survivors (1024K)
 Metaspace       used 80134K, committed 80896K, reserved 1179648K
  class space    used 10650K, committed 11008K, reserved 1048576K
}
Event: 666.964 GC heap before
{Heap before GC invocations=149 (full 0):
 garbage-first heap   total reserved 1560576K, committed 61440K, used 56709K [0x00000000a0c00000, 0x0000000100000000)
  region size 1024K, 23 young (23552K), 1 survivors (1024K)
 Metaspace       used 80134K, committed 80896K, reserved 1179648K
  class space    used 10650K, committed 11008K, reserved 1048576K
}
Event: 666.966 GC heap after
{Heap after GC invocations=150 (full 0):
 garbage-first heap   total reserved 1560576K, committed 61440K, used 34172K [0x00000000a0c00000, 0x0000000100000000)
  region size 1024K, 1 young (1024K), 1 survivors (1024K)
 Metaspace       used 80134K, committed 80896K, reserved 1179648K
  class space    used 10650K, committed 11008K, reserved 1048576K
}
Event: 668.140 GC heap before
{Heap before GC invocations=150 (full 0):
 garbage-first heap   total reserved 1560576K, committed 61440K, used 55676K [0x00000000a0c00000, 0x0000000100000000)
  region size 1024K, 23 young (23552K), 1 survivors (1024K)
 Metaspace       used 80135K, committed 80896K, reserved 1179648K
  class space    used 10650K, committed 11008K, reserved 1048576K
}
Event: 668.142 GC heap after
{Heap after GC invocations=151 (full 0):
 garbage-first heap   total reserved 1560576K, committed 61440K, used 34135K [0x00000000a0c00000, 0x0000000100000000)
  region size 1024K, 1 young (1024K), 1 survivors (1024K)
 Metaspace       used 80135K, committed 80896K, reserved 1179648K
  class space    used 10650K, committed 11008K, reserved 1048576K
}
Event: 670.260 GC heap before
{Heap before GC invocations=152 (full 0):
 garbage-first heap   total reserved 1560576K, committed 61440K, used 55639K [0x00000000a0c00000, 0x0000000100000000)
  region size 1024K, 23 young (23552K), 1 survivors (1024K)
 Metaspace       used 80139K, committed 80896K, reserved 1179648K
  class space    used 10650K, committed 11008K, reserved 1048576K
}
Event: 670.261 GC heap after
{Heap after GC invocations=153 (full 0):
 garbage-first heap   total reserved 1560576K, committed 61440K, used 34082K [0x00000000a0c00000, 0x0000000100000000)
  region size 1024K, 1 young (1024K), 1 survivors (1024K)
 Metaspace       used 80139K, committed 80896K, reserved 1179648K
  class space    used 10650K, committed 11008K, reserved 1048576K
}
Event: 672.449 GC heap before
{Heap before GC invocations=153 (full 0):
 garbage-first heap   total reserved 1560576K, committed 61440K, used 56610K [0x00000000a0c00000, 0x0000000100000000)
  region size 1024K, 23 young (23552K), 1 survivors (1024K)
 Metaspace       used 80139K, committed 80896K, reserved 1179648K
  class space    used 10650K, committed 11008K, reserved 1048576K
}
Event: 672.451 GC heap after
{Heap after GC invocations=154 (full 0):
 garbage-first heap   total reserved 1560576K, committed 61440K, used 34098K [0x00000000a0c00000, 0x0000000100000000)
  region size 1024K, 1 young (1024K), 1 survivors (1024K)
 Metaspace       used 80139K, committed 80896K, reserved 1179648K
  class space    used 10650K, committed 11008K, reserved 1048576K
}
Event: 674.388 GC heap before
{Heap before GC invocations=155 (full 0):
 garbage-first heap   total reserved 1560576K, committed 61440K, used 56626K [0x00000000a0c00000, 0x0000000100000000)
  region size 1024K, 23 young (23552K), 1 survivors (1024K)
 Metaspace       used 80139K, committed 80896K, reserved 1179648K
  class space    used 10650K, committed 11008K, reserved 1048576K
}
Event: 674.390 GC heap after
{Heap after GC invocations=156 (full 0):
 garbage-first heap   total reserved 1560576K, committed 61440K, used 34145K [0x00000000a0c00000, 0x0000000100000000)
  region size 1024K, 1 young (1024K), 1 survivors (1024K)
 Metaspace       used 80139K, committed 80896K, reserved 1179648K
  class space    used 10650K, committed 11008K, reserved 1048576K
}
Event: 674.881 GC heap before
{Heap before GC invocations=156 (full 0):
 garbage-first heap   total reserved 1560576K, committed 61440K, used 56673K [0x00000000a0c00000, 0x0000000100000000)
  region size 1024K, 23 young (23552K), 1 survivors (1024K)
 Metaspace       used 80139K, committed 80896K, reserved 1179648K
  class space    used 10650K, committed 11008K, reserved 1048576K
}
Event: 674.884 GC heap after
{Heap after GC invocations=157 (full 0):
 garbage-first heap   total reserved 1560576K, committed 61440K, used 34145K [0x00000000a0c00000, 0x0000000100000000)
  region size 1024K, 1 young (1024K), 1 survivors (1024K)
 Metaspace       used 80139K, committed 80896K, reserved 1179648K
  class space    used 10650K, committed 11008K, reserved 1048576K
}
Event: 675.446 GC heap before
{Heap before GC invocations=158 (full 0):
 garbage-first heap   total reserved 1560576K, committed 61440K, used 56673K [0x00000000a0c00000, 0x0000000100000000)
  region size 1024K, 23 young (23552K), 1 survivors (1024K)
 Metaspace       used 80140K, committed 80896K, reserved 1179648K
  class space    used 10650K, committed 11008K, reserved 1048576K
}
Event: 675.448 GC heap after
{Heap after GC invocations=159 (full 0):
 garbage-first heap   total reserved 1560576K, committed 61440K, used 34211K [0x00000000a0c00000, 0x0000000100000000)
  region size 1024K, 1 young (1024K), 1 survivors (1024K)
 Metaspace       used 80140K, committed 80896K, reserved 1179648K
  class space    used 10650K, committed 11008K, reserved 1048576K
}
Event: 682.114 GC heap before
{Heap before GC invocations=159 (full 0):
 garbage-first heap   total reserved 1560576K, committed 61440K, used 55715K [0x00000000a0c00000, 0x0000000100000000)
  region size 1024K, 23 young (23552K), 1 survivors (1024K)
 Metaspace       used 80602K, committed 81472K, reserved 1179648K
  class space    used 10735K, committed 11136K, reserved 1048576K
}
Event: 682.120 GC heap after
{Heap after GC invocations=160 (full 0):
 garbage-first heap   total reserved 1560576K, committed 61440K, used 34705K [0x00000000a0c00000, 0x0000000100000000)
  region size 1024K, 1 young (1024K), 1 survivors (1024K)
 Metaspace       used 80602K, committed 81472K, reserved 1179648K
  class space    used 10735K, committed 11136K, reserved 1048576K
}

