# JRE version: OpenJDK Runtime Environment (22.0+36) (build 22+36-2370)
# Java VM: OpenJDK 64-Bit Server VM (22+36-2370, mixed mode, sharing, tiered, compressed oops, compressed class ptrs, g1 gc, windows-amd64)
GC Precious Log:
 CardTable entry size: 512
 Card Set container configuration: InlinePtr #cards 5 size 8 Array Of Cards #cards 12 size 40 Howl #buckets 4 coarsen threshold 1843 Howl Bitmap #cards 512 size 80 coarsen threshold 460 Card regions per heap region 1 cards per card region 2048
 CPUs: 8 total, 8 available
 Memory: 6091M
 Large Page Support: Disabled
 NUMA Support: Disabled
 Compressed Oops: Enabled (32-bit)
 Heap Region Size: 1M
 Heap Min Capacity: 8M
 Heap Initial Capacity: 96M
 Heap Max Capacity: 1524M
 Pre-touch: Disabled
 Parallel Workers: 8
 Concurrent Workers: 2
 Concurrent Refinement Workers: 8
 Periodic GC: Disabled
Heap:
 garbage-first heap   total reserved 1560576K, committed 98304K, used 45790K [0x00000000a0c00000, 0x0000000100000000)
  region size 1024K, 41 young (41984K), 8 survivors (8192K)
 Metaspace       used 16603K, committed 16896K, reserved 1114112K
  class space    used 1929K, committed 2048K, reserved 1048576K
GC Heap History (6 events):
Event: 12.377 GC heap before
{Heap before GC invocations=0 (full 0):
 garbage-first heap   total reserved 1560576K, committed 98304K, used 24576K [0x00000000a0c00000, 0x0000000100000000)
  region size 1024K, 24 young (24576K), 0 survivors (0K)
 Metaspace       used 6318K, committed 6528K, reserved 1114112K
  class space    used 724K, committed 832K, reserved 1048576K
}
Event: 12.399 GC heap after
{Heap after GC invocations=1 (full 0):
 garbage-first heap   total reserved 1560576K, committed 98304K, used 4544K [0x00000000a0c00000, 0x0000000100000000)
  region size 1024K, 3 young (3072K), 3 survivors (3072K)
 Metaspace       used 6318K, committed 6528K, reserved 1114112K
  class space    used 724K, committed 832K, reserved 1048576K
}
Event: 14.277 GC heap before
{Heap before GC invocations=1 (full 0):
 garbage-first heap   total reserved 1560576K, committed 98304K, used 33216K [0x00000000a0c00000, 0x0000000100000000)
  region size 1024K, 32 young (32768K), 3 survivors (3072K)
 Metaspace       used 10032K, committed 10176K, reserved 1114112K
  class space    used 1189K, committed 1280K, reserved 1048576K
}
Event: 14.293 GC heap after
{Heap after GC invocations=2 (full 0):
 garbage-first heap   total reserved 1560576K, committed 98304K, used 6404K [0x00000000a0c00000, 0x0000000100000000)
  region size 1024K, 2 young (2048K), 2 survivors (2048K)
 Metaspace       used 10032K, committed 10176K, reserved 1114112K
  class space    used 1189K, committed 1280K, reserved 1048576K
}
Event: 22.475 GC heap before
{Heap before GC invocations=2 (full 0):
 garbage-first heap   total reserved 1560576K, committed 98304K, used 62724K [0x00000000a0c00000, 0x0000000100000000)
  region size 1024K, 57 young (58368K), 2 survivors (2048K)
 Metaspace       used 16131K, committed 16384K, reserved 1114112K
  class space    used 1909K, committed 2048K, reserved 1048576K
}
Event: 22.507 GC heap after
{Heap after GC invocations=3 (full 0):
 garbage-first heap   total reserved 1560576K, committed 98304K, used 13022K [0x00000000a0c00000, 0x0000000100000000)
  region size 1024K, 8 young (8192K), 8 survivors (8192K)
 Metaspace       used 16131K, committed 16384K, reserved 1114112K
  class space    used 1909K, committed 2048K, reserved 1048576K
}

