# JRE version: OpenJDK Runtime Environment (22.0+36) (build 22+36-2370)
# Java VM: OpenJDK 64-Bit Server VM (22+36-2370, mixed mode, sharing, tiered, compressed oops, compressed class ptrs, g1 gc, windows-amd64)
GC Precious Log:
 CardTable entry size: 512
 Card Set container configuration: InlinePtr #cards 5 size 8 Array Of Cards #cards 12 size 40 Howl #buckets 4 coarsen threshold 1843 Howl Bitmap #cards 512 size 80 coarsen threshold 460 Card regions per heap region 1 cards per card region 2048
 CPUs: 8 total, 8 available
 Memory: 6091M
 Large Page Support: Disabled
 NUMA Support: Disabled
 Compressed Oops: Enabled (32-bit)
 Heap Region Size: 1M
 Heap Min Capacity: 8M
 Heap Initial Capacity: 96M
 Heap Max Capacity: 1524M
 Pre-touch: Disabled
 Parallel Workers: 8
 Concurrent Workers: 2
 Concurrent Refinement Workers: 8
 Periodic GC: Disabled
Heap:
 garbage-first heap   total reserved 1560576K, committed 60416K, used 43740K [0x00000000a0c00000, 0x0000000100000000)
  region size 1024K, 13 young (13312K), 2 survivors (2048K)
 Metaspace       used 79017K, committed 79936K, reserved 1179648K
  class space    used 10523K, committed 10944K, reserved 1048576K
GC Heap History (20 events):
Event: 967.511 GC heap before
{Heap before GC invocations=36 (full 0):
 garbage-first heap   total reserved 1560576K, committed 60416K, used 51653K [0x00000000a0c00000, 0x0000000100000000)
  region size 1024K, 20 young (20480K), 2 survivors (2048K)
 Metaspace       used 78407K, committed 79168K, reserved 1179648K
  class space    used 10425K, committed 10752K, reserved 1048576K
}
Event: 967.514 GC heap after
{Heap after GC invocations=37 (full 0):
 garbage-first heap   total reserved 1560576K, committed 60416K, used 34255K [0x00000000a0c00000, 0x0000000100000000)
  region size 1024K, 2 young (2048K), 2 survivors (2048K)
 Metaspace       used 78407K, committed 79168K, reserved 1179648K
  class space    used 10425K, committed 10752K, reserved 1048576K
}
Event: 972.873 GC heap before
{Heap before GC invocations=38 (full 0):
 garbage-first heap   total reserved 1560576K, committed 60416K, used 51663K [0x00000000a0c00000, 0x0000000100000000)
  region size 1024K, 20 young (20480K), 2 survivors (2048K)
 Metaspace       used 78412K, committed 79168K, reserved 1179648K
  class space    used 10425K, committed 10752K, reserved 1048576K
}
Event: 972.876 GC heap after
{Heap after GC invocations=39 (full 0):
 garbage-first heap   total reserved 1560576K, committed 60416K, used 34239K [0x00000000a0c00000, 0x0000000100000000)
  region size 1024K, 2 young (2048K), 2 survivors (2048K)
 Metaspace       used 78412K, committed 79168K, reserved 1179648K
  class space    used 10425K, committed 10752K, reserved 1048576K
}
Event: 1014.115 GC heap before
{Heap before GC invocations=39 (full 0):
 garbage-first heap   total reserved 1560576K, committed 60416K, used 51647K [0x00000000a0c00000, 0x0000000100000000)
  region size 1024K, 20 young (20480K), 2 survivors (2048K)
 Metaspace       used 78423K, committed 79168K, reserved 1179648K
  class space    used 10425K, committed 10752K, reserved 1048576K
}
Event: 1014.127 GC heap after
{Heap after GC invocations=40 (full 0):
 garbage-first heap   total reserved 1560576K, committed 60416K, used 34133K [0x00000000a0c00000, 0x0000000100000000)
  region size 1024K, 2 young (2048K), 2 survivors (2048K)
 Metaspace       used 78423K, committed 79168K, reserved 1179648K
  class space    used 10425K, committed 10752K, reserved 1048576K
}
Event: 1016.582 GC heap before
{Heap before GC invocations=40 (full 0):
 garbage-first heap   total reserved 1560576K, committed 60416K, used 53589K [0x00000000a0c00000, 0x0000000100000000)
  region size 1024K, 21 young (21504K), 2 survivors (2048K)
 Metaspace       used 78426K, committed 79168K, reserved 1179648K
  class space    used 10425K, committed 10752K, reserved 1048576K
}
Event: 1016.587 GC heap after
{Heap after GC invocations=41 (full 0):
 garbage-first heap   total reserved 1560576K, committed 60416K, used 34124K [0x00000000a0c00000, 0x0000000100000000)
  region size 1024K, 2 young (2048K), 2 survivors (2048K)
 Metaspace       used 78426K, committed 79168K, reserved 1179648K
  class space    used 10425K, committed 10752K, reserved 1048576K
}
Event: 1020.136 GC heap before
{Heap before GC invocations=42 (full 0):
 garbage-first heap   total reserved 1560576K, committed 60416K, used 53580K [0x00000000a0c00000, 0x0000000100000000)
  region size 1024K, 21 young (21504K), 2 survivors (2048K)
 Metaspace       used 78435K, committed 79168K, reserved 1179648K
  class space    used 10426K, committed 10752K, reserved 1048576K
}
Event: 1020.140 GC heap after
{Heap after GC invocations=43 (full 0):
 garbage-first heap   total reserved 1560576K, committed 60416K, used 34075K [0x00000000a0c00000, 0x0000000100000000)
  region size 1024K, 2 young (2048K), 2 survivors (2048K)
 Metaspace       used 78435K, committed 79168K, reserved 1179648K
  class space    used 10426K, committed 10752K, reserved 1048576K
}
Event: 1022.272 GC heap before
{Heap before GC invocations=43 (full 0):
 garbage-first heap   total reserved 1560576K, committed 60416K, used 52507K [0x00000000a0c00000, 0x0000000100000000)
  region size 1024K, 21 young (21504K), 2 survivors (2048K)
 Metaspace       used 78435K, committed 79168K, reserved 1179648K
  class space    used 10426K, committed 10752K, reserved 1048576K
}
Event: 1022.279 GC heap after
{Heap after GC invocations=44 (full 0):
 garbage-first heap   total reserved 1560576K, committed 60416K, used 34004K [0x00000000a0c00000, 0x0000000100000000)
  region size 1024K, 2 young (2048K), 2 survivors (2048K)
 Metaspace       used 78435K, committed 79168K, reserved 1179648K
  class space    used 10426K, committed 10752K, reserved 1048576K
}
Event: 1033.895 GC heap before
{Heap before GC invocations=44 (full 0):
 garbage-first heap   total reserved 1560576K, committed 60416K, used 52436K [0x00000000a0c00000, 0x0000000100000000)
  region size 1024K, 21 young (21504K), 2 survivors (2048K)
 Metaspace       used 78435K, committed 79168K, reserved 1179648K
  class space    used 10426K, committed 10752K, reserved 1048576K
}
Event: 1033.908 GC heap after
{Heap after GC invocations=45 (full 0):
 garbage-first heap   total reserved 1560576K, committed 60416K, used 33981K [0x00000000a0c00000, 0x0000000100000000)
  region size 1024K, 2 young (2048K), 2 survivors (2048K)
 Metaspace       used 78435K, committed 79168K, reserved 1179648K
  class space    used 10426K, committed 10752K, reserved 1048576K
}
Event: 1036.280 GC heap before
{Heap before GC invocations=46 (full 0):
 garbage-first heap   total reserved 1560576K, committed 60416K, used 52413K [0x00000000a0c00000, 0x0000000100000000)
  region size 1024K, 21 young (21504K), 2 survivors (2048K)
 Metaspace       used 78435K, committed 79168K, reserved 1179648K
  class space    used 10426K, committed 10752K, reserved 1048576K
}
Event: 1036.287 GC heap after
{Heap after GC invocations=47 (full 0):
 garbage-first heap   total reserved 1560576K, committed 60416K, used 34150K [0x00000000a0c00000, 0x0000000100000000)
  region size 1024K, 1 young (1024K), 1 survivors (1024K)
 Metaspace       used 78435K, committed 79168K, reserved 1179648K
  class space    used 10426K, committed 10752K, reserved 1048576K
}
Event: 1038.951 GC heap before
{Heap before GC invocations=47 (full 0):
 garbage-first heap   total reserved 1560576K, committed 60416K, used 53606K [0x00000000a0c00000, 0x0000000100000000)
  region size 1024K, 21 young (21504K), 1 survivors (1024K)
 Metaspace       used 78435K, committed 79168K, reserved 1179648K
  class space    used 10426K, committed 10752K, reserved 1048576K
}
Event: 1038.960 GC heap after
{Heap after GC invocations=48 (full 0):
 garbage-first heap   total reserved 1560576K, committed 60416K, used 33934K [0x00000000a0c00000, 0x0000000100000000)
  region size 1024K, 1 young (1024K), 1 survivors (1024K)
 Metaspace       used 78435K, committed 79168K, reserved 1179648K
  class space    used 10426K, committed 10752K, reserved 1048576K
}
Event: 1054.956 GC heap before
{Heap before GC invocations=48 (full 0):
 garbage-first heap   total reserved 1560576K, committed 60416K, used 53390K [0x00000000a0c00000, 0x0000000100000000)
  region size 1024K, 21 young (21504K), 1 survivors (1024K)
 Metaspace       used 78989K, committed 79936K, reserved 1179648K
  class space    used 10523K, committed 10944K, reserved 1048576K
}
Event: 1054.961 GC heap after
{Heap after GC invocations=49 (full 0):
 garbage-first heap   total reserved 1560576K, committed 60416K, used 34524K [0x00000000a0c00000, 0x0000000100000000)
  region size 1024K, 2 young (2048K), 2 survivors (2048K)
 Metaspace       used 78989K, committed 79936K, reserved 1179648K
  class space    used 10523K, committed 10944K, reserved 1048576K
}

